<?xml version="1.0" encoding="utf-8"?><testsuites name="pytest tests"><testsuite name="pytest" errors="0" failures="0" skipped="0" tests="18" time="4.892" timestamp="2025-08-15T23:33:15.363639-07:00" hostname="Williams-MacBook-Air.local"><testcase classname="tests.test_browsers" name="test_get_driver" time="0.000" /><testcase classname="tests.test_browsers" name="test_chrome_defaults" time="0.000" /><testcase classname="tests.test_browsers" name="test_firefox_defaults" time="0.000" /><testcase classname="tests.test_browsers" name="test_safari_defaults" time="0.000" /><testcase classname="tests.test_browsers" name="test_edge_defaults" time="0.000" /><testcase classname="tests.test_upload" name="test_convert_videos_dict_good" time="0.000" /><testcase classname="tests.test_upload" name="test_convert_videos_dict_wrong_names" time="0.000" /><testcase classname="tests.test_upload" name="test_convert_videos_bad" time="0.000" /><testcase classname="tests.test_upload" name="test_convert_videos_filename" time="0.000" /><testcase classname="tests.test_upload" name="test_get_valid_schedule_minute" time="0.000" /><testcase classname="tests.test_upload" name="test_check_valid_schedule_min_limit" time="0.033" /><testcase classname="tests.test_upload" name="test_check_valid_schedule_max_limit" time="0.003" /><testcase classname="tests.test_upload" name="test_check_valid_schedule_minute_valid" time="0.003" /><testcase classname="tests.test_upload" name="test_convert_videos_dict_with_visibility" time="0.000" /><testcase classname="tests.test_upload" name="test_visibility_parameter_validation" time="0.000" /><testcase classname="tests.test_upload" name="test_upload_video_with_visibility" time="0.002" /><testcase classname="tests.test_upload" name="test_set_visibility_dropdown_interaction" time="4.029" /><testcase classname="tests.test_upload" name="test_video_dict_type_with_visibility" time="0.002" /></testsuite></testsuites>